This is pdfTeX, Version 3.1415926-2.5-1.40.14 (TeX Live 2013) (format=pdflatex 2014.3.11)  1 JUN 2015 14:58
entering extended mode
 restricted \write18 enabled.
 %&-line parsing enabled.
**UMEM_CoSim.tex -recorder
(./UMEM_CoSim.tex
LaTeX2e <2011/06/27>
Babel <3.9f> and hyphenation patterns for 78 languages loaded.
(./tBPS2e.cls
Document Class: tBPS2e 2014/11/27 v2.1 Journal of Building Performance Simulati
on LaTeX2e document class
\draftrule=\dimen102
\trimrule=\dimen103
\draftrule=\dimen104
\trimheight=\dimen105
\trimwidth=\dimen106
\typeheight=\dimen107
\typewidth=\dimen108
\normaltextheight=\dimen109
\blindfoliodrop=\dimen110
\tempdimen=\dimen111
\rhdraftruleheight=\dimen112
\tempbox=\box26
LaTeX Font Info:    Overwriting symbol font `operators' in version `normal'
(Font)                  OT1/cmr/m/n --> OT1/cmr/m/n on input line 218.
LaTeX Font Info:    Overwriting symbol font `letters' in version `normal'
(Font)                  OML/cmm/m/it --> OML/cmr/m/it on input line 219.
LaTeX Font Info:    Overwriting symbol font `symbols' in version `normal'
(Font)                  OMS/cmsy/m/n --> OMS/cmr/m/n on input line 220.
LaTeX Font Info:    Overwriting symbol font `largesymbols' in version `normal'
(Font)                  OMX/cmex/m/n --> OMX/cmr/m/n on input line 221.
LaTeX Font Info:    Overwriting math alphabet `\mathbf' in version `normal'
(Font)                  OT1/cmr/bx/n --> OT1/cmr/bx/n on input line 222.
LaTeX Font Info:    Overwriting math alphabet `\mathsf' in version `normal'
(Font)                  OT1/cmss/m/n --> OT1/cmss/m/n on input line 223.
LaTeX Font Info:    Overwriting math alphabet `\mathrm' in version `normal'
(Font)                  OT1/cmr/m/n --> OT1/cmr/m/n on input line 224.
LaTeX Font Info:    Overwriting math alphabet `\mathtt' in version `normal'
(Font)                  OT1/cmtt/m/n --> OT1/Courier/m/n on input line 225.
LaTeX Font Info:    Overwriting symbol font `operators' in version `bold'
(Font)                  OT1/cmr/bx/n --> OT1/cmr/bx/n on input line 227.
LaTeX Font Info:    Overwriting symbol font `symbols' in version `bold'
(Font)                  OMS/cmsy/b/n --> OMS/cmr/bx/n on input line 229.
LaTeX Font Info:    Overwriting symbol font `largesymbols' in version `bold'
(Font)                  OMX/cmex/m/n --> OMX/cmr/bx/n on input line 230.
LaTeX Font Info:    Overwriting math alphabet `\mathbf' in version `bold'
(Font)                  OT1/cmr/bx/n --> OT1/cmr/bx/n on input line 231.
LaTeX Font Info:    Overwriting math alphabet `\mathsf' in version `bold'
(Font)                  OT1/cmss/bx/n --> OT1/cmss/bx/n on input line 232.
LaTeX Font Info:    Overwriting math alphabet `\mathrm' in version `bold'
(Font)                  OT1/cmr/bx/n --> OT1/cmr/bx/n on input line 233.
LaTeX Font Info:    Overwriting math alphabet `\mathtt' in version `bold'
(Font)                  OT1/cmtt/m/n --> OT1/Courier/bx/n on input line 234.
LaTeX Font Info:    Overwriting math alphabet `\mathbb' in version `normal'
(Font)                  OT1/ams/bx/n --> OT1/ams/bx/n on input line 251.
LaTeX Font Info:    Overwriting math alphabet `\mathbb' in version `bold'
(Font)                  OT1/ams/bx/n --> OT1/ams/bx/n on input line 252.
\c@mv@upright=\count79
\c@mv@boldupright=\count80
LaTeX Font Info:    Overwriting symbol font `letters' in version `upright'
(Font)                  OML/cmm/m/it --> OML/eur/m/n on input line 284.
LaTeX Font Info:    Overwriting symbol font `letters' in version `boldupright'
(Font)                  OML/cmm/m/it --> OML/eur/b/n on input line 285.
\c@part=\count81
\c@section=\count82
\c@subsection=\count83
\c@subsubsection=\count84
\c@paragraph=\count85
\c@subparagraph=\count86
\LabelSep=\dimen113
\TopSep=\skip41
\abovecaptionskip=\skip42
\belowcaptionskip=\skip43
\c@figure=\count87
\figheight=\dimen114
\figwidth=\dimen115
\c@table=\count88
\tabledim=\dimen116
\bibindent=\dimen117
\drafttextwidth=\dimen118
\trimrule=\dimen119
\varypageheight=\dimen120
(./amsfonts.sty
Package: amsfonts 2001/10/25 v2.2f
\@emptytoks=\toks14
\symAMSa=\mathgroup4
\symAMSb=\mathgroup5
LaTeX Font Info:    Overwriting math alphabet `\mathfrak' in version `bold'
(Font)                  U/euf/m/n --> U/euf/b/n on input line 132.
LaTeX Font Info:    Redeclaring math alphabet \mathbb on input line 133.
) (./amsmath.sty
Package: amsmath 2000/07/18 v2.13 AMS math features
\@mathmargin=\skip44

For additional information on amsmath, use the `?' option.
(/usr/local/texlive/2013/texmf-dist/tex/latex/amsmath/amstext.sty
Package: amstext 2000/06/29 v2.01

(/usr/local/texlive/2013/texmf-dist/tex/latex/amsmath/amsgen.sty
File: amsgen.sty 1999/11/30 v2.0
\@emptytoks=\toks15
\ex@=\dimen121
))
(./amsbsy.sty
Package: amsbsy 1999/11/29 v1.2d
\pmbraise@=\dimen122
) (/usr/local/texlive/2013/texmf-dist/tex/latex/amsmath/amsopn.sty
Package: amsopn 1999/12/14 v2.01 operator names
)
\inf@bad=\count89
LaTeX Info: Redefining \frac on input line 211.
\uproot@=\count90
\leftroot@=\count91
LaTeX Info: Redefining \overline on input line 307.
\classnum@=\count92
\DOTSCASE@=\count93
LaTeX Info: Redefining \ldots on input line 379.
LaTeX Info: Redefining \dots on input line 382.
LaTeX Info: Redefining \cdots on input line 467.
\Mathstrutbox@=\box27
\strutbox@=\box28
\big@size=\dimen123
LaTeX Font Info:    Redeclaring font encoding OML on input line 567.
LaTeX Font Info:    Redeclaring font encoding OMS on input line 568.
\macc@depth=\count94
\c@MaxMatrixCols=\count95
\dotsspace@=\muskip10
\c@parentequation=\count96
\dspbrk@lvl=\count97
\tag@help=\toks16
\row@=\count98
\column@=\count99
\maxfields@=\count100
\andhelp@=\toks17
\eqnshift@=\dimen124
\alignsep@=\dimen125
\tagshift@=\dimen126
\tagwidth@=\dimen127
\totwidth@=\dimen128
\lineht@=\dimen129
\@envbody=\toks18
\multlinegap=\skip45
\multlinetaggap=\skip46
\mathdisplay@stack=\toks19
LaTeX Info: Redefining \[ on input line 2666.
LaTeX Info: Redefining \] on input line 2667.
) (./amssymb.sty
Package: amssymb 2002/01/22 v2.2d
)
(/usr/local/texlive/2013/texmf-dist/tex/latex/amscls/amsthm.sty
Package: amsthm 2004/08/06 v2.20
\thm@style=\toks20
\thm@bodyfont=\toks21
\thm@headfont=\toks22
\thm@notefont=\toks23
\thm@headpunct=\toks24
\thm@preskip=\skip47
\thm@postskip=\skip48
\thm@headsep=\skip49
\dth@everypar=\toks25
) (./epsfig.sty
Package: epsfig 1999/02/16 v1.7a (e)psfig emulation (SPQR)

(./graphicx.sty
Package: graphicx 1999/02/16 v1.0f Enhanced LaTeX Graphics (DPC,SPQR)

(/usr/local/texlive/2013/texmf-dist/tex/latex/graphics/keyval.sty
Package: keyval 1999/03/16 v1.13 key=value parser (DPC)
\KV@toks@=\toks26
)
(/usr/local/texlive/2013/texmf-dist/tex/latex/graphics/graphics.sty
Package: graphics 2009/02/05 v1.0o Standard LaTeX Graphics (DPC,SPQR)

(/usr/local/texlive/2013/texmf-dist/tex/latex/graphics/trig.sty
Package: trig 1999/03/16 v1.09 sin cos tan (DPC)
)
(/usr/local/texlive/2013/texmf-dist/tex/latex/latexconfig/graphics.cfg
File: graphics.cfg 2010/04/23 v1.9 graphics configuration of TeX Live
)
Package graphics Info: Driver file: pdftex.def on input line 91.

(/usr/local/texlive/2013/texmf-dist/tex/latex/pdftex-def/pdftex.def
File: pdftex.def 2011/05/27 v0.06d Graphics/color for pdfTeX

(/usr/local/texlive/2013/texmf-dist/tex/generic/oberdiek/infwarerr.sty
Package: infwarerr 2010/04/08 v1.3 Providing info/warning/error messages (HO)
)
(/usr/local/texlive/2013/texmf-dist/tex/generic/oberdiek/ltxcmds.sty
Package: ltxcmds 2011/11/09 v1.22 LaTeX kernel commands for general use (HO)
)
\Gread@gobject=\count101
))
\Gin@req@height=\dimen130
\Gin@req@width=\dimen131
)
\epsfxsize=\dimen132
\epsfysize=\dimen133
)
(./rotating.sty
Package: rotating 1997/09/26, v2.13 Rotation package
 (/usr/local/texlive/2013/texmf-dist/tex/latex/base/ifthen.sty
Package: ifthen 2001/05/26 v1.1c Standard LaTeX ifthen package (DPC)
)
\c@r@tfl@t=\count102
\rot@float@box=\box29
) (./natbib.sty
Package: natbib 2010/09/13 8.31b (PWD, AO)
\bibhang=\skip50
\bibsep=\skip51
LaTeX Info: Redefining \cite on input line 694.
\c@NAT@ctr=\count103
))
(/usr/local/texlive/2013/texmf-dist/tex/latex/oberdiek/epstopdf.sty
Package: epstopdf 2010/02/09 v2.5 Conversion with epstopdf on the fly (HO)

(/usr/local/texlive/2013/texmf-dist/tex/latex/oberdiek/epstopdf-base.sty
Package: epstopdf-base 2010/02/09 v2.5 Base part for package epstopdf

(/usr/local/texlive/2013/texmf-dist/tex/latex/oberdiek/grfext.sty
Package: grfext 2010/08/19 v1.1 Manage graphics extensions (HO)

(/usr/local/texlive/2013/texmf-dist/tex/generic/oberdiek/kvdefinekeys.sty
Package: kvdefinekeys 2011/04/07 v1.3 Define keys (HO)
))
(/usr/local/texlive/2013/texmf-dist/tex/latex/oberdiek/kvoptions.sty
Package: kvoptions 2011/06/30 v3.11 Key value format for package options (HO)

(/usr/local/texlive/2013/texmf-dist/tex/generic/oberdiek/kvsetkeys.sty
Package: kvsetkeys 2012/04/25 v1.16 Key value parser (HO)

(/usr/local/texlive/2013/texmf-dist/tex/generic/oberdiek/etexcmds.sty
Package: etexcmds 2011/02/16 v1.5 Avoid name clashes with e-TeX commands (HO)

(/usr/local/texlive/2013/texmf-dist/tex/generic/oberdiek/ifluatex.sty
Package: ifluatex 2010/03/01 v1.3 Provides the ifluatex switch (HO)
Package ifluatex Info: LuaTeX not detected.
)
Package etexcmds Info: Could not find \expanded.
(etexcmds)             That can mean that you are not using pdfTeX 1.50 or
(etexcmds)             that some package has redefined \expanded.
(etexcmds)             In the latter case, load this package earlier.
)))
(/usr/local/texlive/2013/texmf-dist/tex/generic/oberdiek/pdftexcmds.sty
Package: pdftexcmds 2011/11/29 v0.20 Utility functions of pdfTeX for LuaTeX (HO
)

(/usr/local/texlive/2013/texmf-dist/tex/generic/oberdiek/ifpdf.sty
Package: ifpdf 2011/01/30 v2.3 Provides the ifpdf switch (HO)
Package ifpdf Info: pdfTeX in PDF mode is detected.
)
Package pdftexcmds Info: LuaTeX not detected.
Package pdftexcmds Info: \pdf@primitive is available.
Package pdftexcmds Info: \pdf@ifprimitive is available.
Package pdftexcmds Info: \pdfdraftmode found.
)
Package grfext Info: Graphics extension search list:
(grfext)             [.png,.pdf,.jpg,.mps,.jpeg,.jbig2,.jb2,.PNG,.PDF,.JPG,.JPE
G,.JBIG2,.JB2,.eps]
(grfext)             \AppendGraphicsExtensions on input line 452.

(/usr/local/texlive/2013/texmf-dist/tex/latex/latexconfig/epstopdf-sys.cfg
File: epstopdf-sys.cfg 2010/07/13 v1.3 Configuration of (r)epstopdf for TeX Liv
e
)))
(./subfigure.sty
Package: subfigure 2002/07/30 v2.1.4 subfigure package
\subfigtopskip=\skip52
\subfigcapskip=\skip53
\subfigcaptopadj=\dimen134
\subfigbottomskip=\skip54
\subfigcapmargin=\dimen135
\subfiglabelskip=\skip55
\c@subfigure=\count104
\c@lofdepth=\count105
\c@subtable=\count106
\c@lotdepth=\count107

****************************************
* Local config file subfigure.cfg used *
****************************************
(/usr/local/texlive/2013/texmf-dist/tex/latex/subfigure/subfigure.cfg)
\subfig@top=\skip56
\subfig@bottom=\skip57
)
(/usr/local/texlive/2013/texmf-dist/tex/latex/lm/lmodern.sty
Package: lmodern 2009/10/30 v1.6 Latin Modern Fonts
LaTeX Font Info:    Overwriting symbol font `operators' in version `normal'
(Font)                  OT1/cmr/m/n --> OT1/lmr/m/n on input line 22.
LaTeX Font Info:    Overwriting symbol font `letters' in version `normal'
(Font)                  OML/cmr/m/it --> OML/lmm/m/it on input line 23.
LaTeX Font Info:    Overwriting symbol font `symbols' in version `normal'
(Font)                  OMS/cmr/m/n --> OMS/lmsy/m/n on input line 24.
LaTeX Font Info:    Overwriting symbol font `largesymbols' in version `normal'
(Font)                  OMX/cmr/m/n --> OMX/lmex/m/n on input line 25.
LaTeX Font Info:    Overwriting symbol font `operators' in version `bold'
(Font)                  OT1/cmr/bx/n --> OT1/lmr/bx/n on input line 26.
LaTeX Font Info:    Overwriting symbol font `letters' in version `bold'
(Font)                  OML/cmm/b/it --> OML/lmm/b/it on input line 27.
LaTeX Font Info:    Overwriting symbol font `symbols' in version `bold'
(Font)                  OMS/cmr/bx/n --> OMS/lmsy/b/n on input line 28.
LaTeX Font Info:    Overwriting symbol font `largesymbols' in version `bold'
(Font)                  OMX/cmr/bx/n --> OMX/lmex/m/n on input line 29.
LaTeX Font Info:    Overwriting math alphabet `\mathbf' in version `normal'
(Font)                  OT1/cmr/bx/n --> OT1/lmr/bx/n on input line 31.
LaTeX Font Info:    Overwriting math alphabet `\mathsf' in version `normal'
(Font)                  OT1/cmss/m/n --> OT1/lmss/m/n on input line 32.
LaTeX Font Info:    Overwriting math alphabet `\mathit' in version `normal'
(Font)                  OT1/cmr/m/it --> OT1/lmr/m/it on input line 33.
LaTeX Font Info:    Overwriting math alphabet `\mathtt' in version `normal'
(Font)                  OT1/Courier/m/n --> OT1/lmtt/m/n on input line 34.
LaTeX Font Info:    Overwriting math alphabet `\mathbf' in version `bold'
(Font)                  OT1/cmr/bx/n --> OT1/lmr/bx/n on input line 35.
LaTeX Font Info:    Overwriting math alphabet `\mathsf' in version `bold'
(Font)                  OT1/cmss/bx/n --> OT1/lmss/bx/n on input line 36.
LaTeX Font Info:    Overwriting math alphabet `\mathit' in version `bold'
(Font)                  OT1/cmr/bx/it --> OT1/lmr/bx/it on input line 37.
LaTeX Font Info:    Overwriting math alphabet `\mathtt' in version `bold'
(Font)                  OT1/Courier/bx/n --> OT1/lmtt/m/n on input line 38.
)
(/usr/local/texlive/2013/texmf-dist/tex/latex/graphics/color.sty
Package: color 2005/11/14 v1.0j Standard LaTeX Color (DPC)

(/usr/local/texlive/2013/texmf-dist/tex/latex/latexconfig/color.cfg
File: color.cfg 2007/01/18 v1.5 color configuration of teTeX/TeXLive
)
Package color Info: Driver file: pdftex.def on input line 130.
)
\c@theorem=\count108
\c@definition=\count109
\c@remark=\count110

(./UMEM_CoSim.aux)
\openout1 = `UMEM_CoSim.aux'.

LaTeX Font Info:    Checking defaults for OML/cmm/m/it on input line 24.
LaTeX Font Info:    ... okay on input line 24.
LaTeX Font Info:    Checking defaults for T1/cmr/m/n on input line 24.
LaTeX Font Info:    ... okay on input line 24.
LaTeX Font Info:    Checking defaults for OT1/cmr/m/n on input line 24.
LaTeX Font Info:    ... okay on input line 24.
LaTeX Font Info:    Checking defaults for OMS/cmsy/m/n on input line 24.
LaTeX Font Info:    ... okay on input line 24.
LaTeX Font Info:    Checking defaults for OMX/cmex/m/n on input line 24.
LaTeX Font Info:    ... okay on input line 24.
LaTeX Font Info:    Checking defaults for U/cmr/m/n on input line 24.
LaTeX Font Info:    ... okay on input line 24.
LaTeX Font Info:    Try loading font information for OT1+lmr on input line 24.
 (/usr/local/texlive/2013/texmf-dist/tex/latex/lm/ot1lmr.fd
File: ot1lmr.fd 2009/10/30 v1.6 Font defs for Latin Modern
)
(/usr/local/texlive/2013/texmf-dist/tex/context/base/supp-pdf.mkii
[Loading MPS to PDF converter (version 2006.09.02).]
\scratchcounter=\count111
\scratchdimen=\dimen136
\scratchbox=\box30
\nofMPsegments=\count112
\nofMParguments=\count113
\everyMPshowfont=\toks27
\MPscratchCnt=\count114
\MPscratchDim=\dimen137
\MPnumerator=\count115
\makeMPintoPDFobject=\count116
\everyMPtoPDFconversion=\toks28
)
LaTeX Font Info:    Try loading font information for OML+lmm on input line 43.
 (/usr/local/texlive/2013/texmf-dist/tex/latex/lm/omllmm.fd
File: omllmm.fd 2009/10/30 v1.6 Font defs for Latin Modern
)
LaTeX Font Info:    Try loading font information for OMS+lmsy on input line 43.


(/usr/local/texlive/2013/texmf-dist/tex/latex/lm/omslmsy.fd
File: omslmsy.fd 2009/10/30 v1.6 Font defs for Latin Modern
)
LaTeX Font Info:    Try loading font information for OMX+lmex on input line 43.


(/usr/local/texlive/2013/texmf-dist/tex/latex/lm/omxlmex.fd
File: omxlmex.fd 2009/10/30 v1.6 Font defs for Latin Modern
)
LaTeX Font Info:    External font `lmex10' loaded for size
(Font)              <10> on input line 43.
LaTeX Font Info:    External font `lmex10' loaded for size
(Font)              <7> on input line 43.
LaTeX Font Info:    External font `lmex10' loaded for size
(Font)              <5> on input line 43.
LaTeX Font Info:    Try loading font information for U+msa on input line 43.

(/usr/local/texlive/2013/texmf-dist/tex/latex/amsfonts/umsa.fd
File: umsa.fd 2013/01/14 v3.01 AMS symbols A
)
LaTeX Font Info:    Try loading font information for U+msb on input line 43.

(/usr/local/texlive/2013/texmf-dist/tex/latex/amsfonts/umsb.fd
File: umsb.fd 2013/01/14 v3.01 AMS symbols B
)
LaTeX Font Info:    External font `lmex10' loaded for size
(Font)              <8> on input line 43.
LaTeX Font Info:    External font `lmex10' loaded for size
(Font)              <6> on input line 43.
LaTeX Font Info:    Calculating math sizes for size <11> on input line 108.
LaTeX Font Info:    External font `lmex10' loaded for size
(Font)              <11> on input line 108.
LaTeX Font Info:    External font `lmex10' loaded for size
(Font)              <7.69997> on input line 108.
LaTeX Font Info:    External font `lmex10' loaded for size
(Font)              <5.5> on input line 108.

Underfull \vbox (badness 10000) has occurred while \output is active []


Overfull \vbox (29.0pt too high) has occurred while \output is active []


Overfull \vbox (741.135pt too high) has occurred while \output is active []


[1{/usr/local/texlive/2013/texmf-var/fonts/map/pdftex/updmap/pdftex.map}


]
<figures/UMEM_overview_new.pdf, id=18, 216.23785pt x 264.6106pt>
File: figures/UMEM_overview_new.pdf Graphic file (type pdf)

<use figures/UMEM_overview_new.pdf>
Package pdftex.def Info: figures/UMEM_overview_new.pdf used on input line 122.
(pdftex.def)             Requested size: 216.2373pt x 264.60994pt.

Underfull \vbox (badness 10000) has occurred while \output is active []


Underfull \vbox (badness 10000) has occurred while \output is active []


Overfull \vbox (29.0pt too high) has occurred while \output is active []


Overfull \vbox (741.135pt too high) has occurred while \output is active []


[2] <figures/UMEM_Workflow.pdf, id=22, 216.23785pt x 298.75415pt>
File: figures/UMEM_Workflow.pdf Graphic file (type pdf)

<use figures/UMEM_Workflow.pdf>
Package pdftex.def Info: figures/UMEM_Workflow.pdf used on input line 157.
(pdftex.def)             Requested size: 216.2373pt x 298.75342pt.

Underfull \vbox (badness 10000) has occurred while \output is active []


Overfull \vbox (29.0pt too high) has occurred while \output is active []


Overfull \vbox (741.135pt too high) has occurred while \output is active []


[3 <./figures/UMEM_overview_new.pdf>]
Underfull \vbox (badness 10000) has occurred while \output is active []


Overfull \vbox (29.0pt too high) has occurred while \output is active []


Overfull \vbox (741.135pt too high) has occurred while \output is active []


[4 <./figures/UMEM_Workflow.pdf>]
<figures/UMEM_FMU_Overview.pdf, id=86, 216.23785pt x 119.50145pt>
File: figures/UMEM_FMU_Overview.pdf Graphic file (type pdf)

<use figures/UMEM_FMU_Overview.pdf>
Package pdftex.def Info: figures/UMEM_FMU_Overview.pdf used on input line 199.
(pdftex.def)             Requested size: 216.2373pt x 119.50114pt.

Underfull \hbox (badness 10000) in paragraph at lines 223--223
[]\OT1/lmr/bx/n/11 Object
 []


Underfull \hbox (badness 10000) in paragraph at lines 223--223
[]\OT1/lmr/bx/n/11 Variable
 []


Overfull \hbox (2.80386pt too wide) in paragraph at lines 225--225
[]\OT1/lmr/m/n/11 Outdoor| 
 []


Underfull \hbox (badness 10000) in paragraph at lines 225--225
[]\OT1/lmr/m/n/11 Outdoor
 []


LaTeX Font Warning: Font shape `OT1/cmr/m/n' in size <5.5> not available
(Font)              size <5> substituted on input line 225.


Underfull \hbox (badness 1609) in paragraph at lines 225--226
[]\OT1/lmr/m/n/11 The out-door dry-
 []


Underfull \hbox (badness 10000) in paragraph at lines 225--226
\OT1/lmr/m/n/11 bulb tem-per-a-ture
 []


Underfull \hbox (badness 10000) in paragraph at lines 227--227
[]\OT1/lmr/m/n/11 Outdoor
 []


Underfull \hbox (badness 2401) in paragraph at lines 227--228
\OT1/lmr/m/n/11 point tem-per-a-ture
 []


Underfull \hbox (badness 10000) in paragraph at lines 229--229
[]\OT1/lmr/m/n/11 Outdoor
 []


Underfull \hbox (badness 10000) in paragraph at lines 229--229
\OT1/lmr/m/n/11 Rel-a-tive
 []


Underfull \hbox (badness 2334) in paragraph at lines 229--230
\OT1/lmr/m/n/11 tive hu-mid-ity ex-
 []


Underfull \hbox (badness 10000) in paragraph at lines 231--232
[]\OT1/lmr/m/n/11 Diffuse hor-i-zon-tal
 []


Underfull \hbox (badness 4403) in paragraph at lines 233--233
[]\OT1/lmr/m/n/11 Direct So-
 []


Underfull \hbox (badness 10000) in paragraph at lines 235--235
[]\OT1/lmr/m/n/11 Wind
 []


Underfull \hbox (badness 10000) in paragraph at lines 237--237
[]\OT1/lmr/m/n/11 Wind
 []


Underfull \hbox (badness 3460) in paragraph at lines 237--238
\OT1/lmr/m/n/11 in de-grees (N=0,
 []


Underfull \hbox (badness 10000) in paragraph at lines 237--238
\OT1/lmr/m/n/11 E=90, S=180,
 []


Underfull \hbox (badness 10000) in paragraph at lines 239--240
[]\OT1/lmr/m/n/11 Fraction of the
 []


Underfull \hbox (badness 10000) in paragraph at lines 239--240
\OT1/lmr/m/n/11 max-i-mum oc-cu-
 []


Underfull \hbox (badness 10000) in paragraph at lines 239--240
\OT1/lmr/m/n/11 pa-tion (0.0-1.0)
 []


Underfull \hbox (badness 1762) in paragraph at lines 239--240
\OT1/lmr/m/n/11 gy-Plus oc-cu-pa-tion
 []


Underfull \hbox (badness 1424) in paragraph at lines 239--240
\OT1/lmr/m/n/11 sched-ule with the
 []


Underfull \hbox (badness 10000) in paragraph at lines 250--250
[]\OT1/lmr/bx/n/11 Object
 []


Underfull \hbox (badness 10000) in paragraph at lines 250--250
[]\OT1/lmr/bx/n/11 Variable
 []


Underfull \hbox (badness 10000) in paragraph at lines 252--252
[]\OT1/lmr/m/n/11 Wall,
 []


Underfull \hbox (badness 10000) in paragraph at lines 252--252
[]\OT1/lmr/m/n/11 Outside
 []


Underfull \hbox (badness 10000) in paragraph at lines 252--252
\OT1/lmr/m/n/11 Sur-face
 []


Underfull \hbox (badness 10000) in paragraph at lines 252--252
\OT1/lmr/m/n/11 Tem-per-a-
 []


Underfull \hbox (badness 10000) in paragraph at lines 252--253
[]\OT1/lmr/m/n/11 The tem-per-a-ture
 []


Underfull \hbox (badness 1024) in paragraph at lines 252--253
\OT1/lmr/m/n/11 on the out-side of
 []


Underfull \hbox (badness 10000) in paragraph at lines 254--254
[]\OT1/lmr/m/n/11 Average
 []


Underfull \hbox (badness 10000) in paragraph at lines 254--254
\OT1/lmr/m/n/11 Out-side
 []


Underfull \hbox (badness 10000) in paragraph at lines 254--254
\OT1/lmr/m/n/11 Sur-face
 []


Underfull \hbox (badness 10000) in paragraph at lines 254--254
\OT1/lmr/m/n/11 Tem-per-a-
 []


Underfull \hbox (badness 2401) in paragraph at lines 254--255
\OT1/lmr/m/n/11 er-age tem-per-a-ture
 []


Underfull \hbox (badness 1275) in paragraph at lines 254--255
\OT1/lmr/m/n/11 of the sur-face on
 []


Underfull \hbox (badness 2418) in paragraph at lines 254--255
\OT1/lmr/m/n/11 This re-spects the
 []


Underfull \hbox (badness 10000) in paragraph at lines 254--255
\OT1/lmr/m/n/11 tem-per-a-tures of
 []


Underfull \hbox (badness 1776) in paragraph at lines 254--255
\OT1/lmr/m/n/11 wall, weighted by
 []


Underfull \hbox (badness 1215) in paragraph at lines 256--257
\OT1/lmr/m/n/11 in Joules used in
 []


Underfull \hbox (badness 1215) in paragraph at lines 258--259
\OT1/lmr/m/n/11 in Joules used in
 []


Underfull \hbox (badness 10000) in paragraph at lines 260--260
\OT1/lmr/m/n/11 Air Tem-
 []


Underfull \hbox (badness 10000) in paragraph at lines 260--261
[]\OT1/lmr/m/n/11 The mean air
 []


Underfull \hbox (badness 10000) in paragraph at lines 262--262
[]\OT1/lmr/m/n/11 Ventilation
 []


Underfull \hbox (badness 10000) in paragraph at lines 262--262
\OT1/lmr/m/n/11 Vol-ume
 []


Underfull \hbox (badness 2310) in paragraph at lines 262--263
[]\OT1/lmr/m/n/11 The flow rate in
 []


Underfull \hbox (badness 10000) in paragraph at lines 262--263
\OT1/cmr/m/n/10.95 m[]\OML/lmm/m/it/11 =\OT1/cmr/m/n/10.95 s$ \OT1/lmr/m/n/11 (
stan-dard
 []

<figures/campuscitysim.png, id=87, 1041.1397pt x 621.82312pt>
File: figures/campuscitysim.png Graphic file (type png)

<use figures/campuscitysim.png>
Package pdftex.def Info: figures/campuscitysim.png used on input line 286.
(pdftex.def)             Requested size: 312.34431pt x 186.54837pt.

Underfull \vbox (badness 10000) has occurred while \output is active []


Overfull \vbox (29.0pt too high) has occurred while \output is active []


Overfull \vbox (741.135pt too high) has occurred while \output is active []


[5 <./figures/UMEM_FMU_Overview.pdf>]
<figures/pointbreakdown_anon.pdf, id=125, 244.9953pt x 325.215pt>
File: figures/pointbreakdown_anon.pdf Graphic file (type pdf)

<use figures/pointbreakdown_anon.pdf>
Package pdftex.def Info: figures/pointbreakdown_anon.pdf used on input line 295
.
(pdftex.def)             Requested size: 244.99469pt x 325.2142pt.
 (./UMEM_CoSim.bbl
Underfull \vbox (badness 10000) has occurred while \output is active []


Overfull \vbox (29.0pt too high) has occurred while \output is active []


Overfull \vbox (741.135pt too high) has occurred while \output is active []


[6]
Underfull \vbox (badness 10000) has occurred while \output is active []


Overfull \vbox (29.0pt too high) has occurred while \output is active []


Overfull \vbox (741.135pt too high) has occurred while \output is active []


[7 <./figures/campuscitysim.png>]
Underfull \vbox (badness 10000) has occurred while \output is active []


Overfull \vbox (29.0pt too high) has occurred while \output is active []


Overfull \vbox (741.135pt too high) has occurred while \output is active []


[8 <./figures/pointbreakdown_anon.pdf>])
Underfull \vbox (badness 10000) has occurred while \output is active []


Overfull \vbox (29.0pt too high) has occurred while \output is active []


Overfull \vbox (741.135pt too high) has occurred while \output is active []


[9] (./UMEM_CoSim.aux)

LaTeX Font Warning: Size substitutions with differences
(Font)              up to 0.5pt have occurred.

 ) 
Here is how much of TeX's memory you used:
 3523 strings out of 493315
 46208 string characters out of 6137904
 116118 words of memory out of 5000000
 6885 multiletter control sequences out of 15000+600000
 72398 words of font info for 67 fonts, out of 8000000 for 9000
 957 hyphenation exceptions out of 8191
 42i,13n,27p,1404b,305s stack positions out of 5000i,500n,10000p,200000b,80000s
{/usr/local/texlive/2013/texmf-dist/fonts/enc/dvips/lm/lm-mathit.enc}{/usr/lo
cal/texlive/2013/texmf-dist/fonts/enc/dvips/lm/lm-mathsy.enc}{/usr/local/texliv
e/2013/texmf-dist/fonts/enc/dvips/lm/lm-rm.enc}</usr/local/texlive/2013/texmf-d
ist/fonts/type1/public/amsfonts/cm/cmr10.pfb></usr/local/texlive/2013/texmf-dis
t/fonts/type1/public/amsfonts/cm/cmr8.pfb></usr/local/texlive/2013/texmf-dist/f
onts/type1/public/lm/lmbx12.pfb></usr/local/texlive/2013/texmf-dist/fonts/type1
/public/lm/lmbx9.pfb></usr/local/texlive/2013/texmf-dist/fonts/type1/public/lm/
lmbxi10.pfb></usr/local/texlive/2013/texmf-dist/fonts/type1/public/lm/lmmi12.pf
b></usr/local/texlive/2013/texmf-dist/fonts/type1/public/lm/lmr10.pfb></usr/loc
al/texlive/2013/texmf-dist/fonts/type1/public/lm/lmr12.pfb></usr/local/texlive/
2013/texmf-dist/fonts/type1/public/lm/lmr7.pfb></usr/local/texlive/2013/texmf-d
ist/fonts/type1/public/lm/lmr8.pfb></usr/local/texlive/2013/texmf-dist/fonts/ty
pe1/public/lm/lmr9.pfb></usr/local/texlive/2013/texmf-dist/fonts/type1/public/l
m/lmri10.pfb></usr/local/texlive/2013/texmf-dist/fonts/type1/public/lm/lmri12.p
fb></usr/local/texlive/2013/texmf-dist/fonts/type1/public/lm/lmri8.pfb></usr/lo
cal/texlive/2013/texmf-dist/fonts/type1/public/lm/lmsy6.pfb></usr/local/texlive
/2013/texmf-dist/fonts/type1/public/lm/lmsy7.pfb></usr/local/texlive/2013/texmf
-dist/fonts/type1/public/lm/lmsy8.pfb></usr/local/texlive/2013/texmf-dist/fonts
/type1/urw/ncntrsbk/uncr8a.pfb>
Output written on UMEM_CoSim.pdf (9 pages, 1370085 bytes).
PDF statistics:
 212 PDF objects out of 1000 (max. 8388607)
 123 compressed objects within 2 object streams
 0 named destinations out of 1000 (max. 500000)
 26 words of extra memory for PDF output out of 10000 (max. 10000000)

